<?xml version="1.0" encoding="UTF-8"?>
<!-- Generated by org.testng.reporters.JUnitXMLReporter -->
<testsuite ignored="4" hostname="LTIN409109" failures="0" tests="1" name="Default test" time="1.093" errors="0" timestamp="2024-02-08T11:39:32 IST">
  <testcase classname="com.tests.CollectionsPractice" name="run" time="1.041"/>
  <testcase classname="com.tests.CollectionsPractice" name="linkedList" time="0.0">
    <ignored/>
  </testcase> <!-- linkedList -->
  <testcase classname="com.tests.CollectionsPractice" name="arrayList" time="0.0">
    <ignored/>
  </testcase> <!-- arrayList -->
  <testcase classname="com.tests.CollectionsPractice" name="listReverseOrder" time="0.0">
    <ignored/>
  </testcase> <!-- listReverseOrder -->
  <testcase classname="com.tests.CollectionsPractice" name="hashMap" time="0.0">
    <ignored/>
  </testcase> <!-- hashMap -->
</testsuite> <!-- Default test -->
