<?xml version="1.0" encoding="UTF-8"?>
<!-- Generated by org.testng.reporters.JUnitXMLReporter -->
<testsuite ignored="0" hostname="LTIN409109" failures="1" tests="1" name="Test" time="0.101" errors="0" timestamp="2024-02-06T09:28:11 IST">
  <testcase classname="Automation.Framework.Pages" name="executingScript" time="0.06">
    <failure type="java.lang.NullPointerException" message="Cannot invoke &amp;quot;org.openqa.selenium.WebDriver.get(String)&amp;quot; because &amp;quot;this.driver&amp;quot; is null">
      <![CDATA[java.lang.NullPointerException: Cannot invoke "org.openqa.selenium.WebDriver.get(String)" because "this.driver" is null
at Automation.Framework.CommonMethods.navigatingToUrl(CommonMethods.java:23)
at Automation.Framework.Pages.executingScript(Pages.java:20)
at java.base/java.util.ArrayList.forEach(ArrayList.java:1511)
... Removed 27 stack frames]]>
    </failure>
  </testcase> <!-- executingScript -->
</testsuite> <!-- Test -->
