<?xml version="1.0" encoding="UTF-8"?>
<!-- Generated by org.testng.reporters.JUnitXMLReporter -->
<testsuite ignored="0" hostname="LTIN409109" failures="1" tests="1" name="Test" time="6.529" errors="0" timestamp="2024-02-08T19:06:42 IST">
  <testcase classname="com.tests.GreenKartAutomation" name="GreenkartPage1" time="1.207">
    <failure type="java.lang.NullPointerException" message="Cannot read the array length because &amp;quot;itemsList&amp;quot; is null">
      <![CDATA[java.lang.NullPointerException: Cannot read the array length because "itemsList" is null
at com.tests.GreenKartAutomation.GreenkartPage1(GreenKartAutomation.java:48)
at java.base/java.util.ArrayList.forEach(ArrayList.java:1511)
... Removed 31 stack frames]]>
    </failure>
  </testcase> <!-- GreenkartPage1 -->
</testsuite> <!-- Test -->
