<?xml version="1.0" encoding="UTF-8"?>
<testng-results ignored="0" total="1" passed="1" failed="0" skipped="0">
  <reporter-output>
  </reporter-output>
  <suite started-at="2024-02-09T11:11:58 IST" name="Suite" finished-at="2024-02-09T11:12:40 IST" duration-ms="42410">
    <groups>
    </groups>
    <test started-at="2024-02-09T11:11:58 IST" name="Test" finished-at="2024-02-09T11:12:40 IST" duration-ms="42410">
      <class name="com.tests.GreenKartAutomation">
        <test-method is-config="true" signature="initializeDriver()[pri:0, instance:com.tests.GreenKartAutomation@6dc17b83]" started-at="2024-02-09T11:11:58 IST" name="initializeDriver" finished-at="2024-02-09T11:12:02 IST" duration-ms="4107" status="PASS">
          <reporter-output>
          </reporter-output>
        </test-method> <!-- initializeDriver -->
        <test-method is-config="true" signature="driverParsing()[pri:0, instance:com.tests.GreenKartAutomation@6dc17b83]" started-at="2024-02-09T11:12:02 IST" name="driverParsing" finished-at="2024-02-09T11:12:02 IST" duration-ms="28" status="PASS">
          <reporter-output>
          </reporter-output>
        </test-method> <!-- driverParsing -->
        <test-method signature="orderFruits(java.util.HashMap)[pri:0, instance:com.tests.GreenKartAutomation@6dc17b83]" started-at="2024-02-09T11:12:02 IST" name="orderFruits" data-provider="masterDataProvider" finished-at="2024-02-09T11:12:39 IST" duration-ms="36303" status="PASS">
          <params>
            <param index="0">
              <value>
                <![CDATA[{Vegetables=, FruitsQTY=5,4,3, VegQTY=, Fruits=Apple,Banana,Mango}]]>
              </value>
            </param>
          </params>
          <reporter-output>
          </reporter-output>
        </test-method> <!-- orderFruits -->
        <test-method is-config="true" signature="closingBrowser()[pri:0, instance:com.tests.GreenKartAutomation@6dc17b83]" started-at="2024-02-09T11:12:39 IST" name="closingBrowser" finished-at="2024-02-09T11:12:40 IST" duration-ms="1217" status="PASS">
          <reporter-output>
          </reporter-output>
        </test-method> <!-- closingBrowser -->
      </class> <!-- com.tests.GreenKartAutomation -->
    </test> <!-- Test -->
  </suite> <!-- Suite -->
</testng-results>
