-------------------------------------------------------------------------------
Test set: TestSuite
-------------------------------------------------------------------------------
Tests run: 1, Failures: 1, Errors: 0, Skipped: 0, Time elapsed: 7.162 s <<< FAILURE! - in TestSuite
com.tests.GreenKartAutomation.GreenkartPage1  Time elapsed: 1.214 s  <<< FAILURE!
java.lang.NullPointerException: Cannot read the array length because "itemsList" is null
	at com.tests.GreenKartAutomation.GreenkartPage1(GreenKartAutomation.java:48)

